INUM:        0 PC: 0x0000
INUM:        1 PC: 0x0002
INUM:        2 PC: 0x0004
INUM:        3 PC: 0x0006
INUM:        4 PC: 0x0008
INUM:        5 PC: 0x000a
INUM:        6 PC: 0x000c
INUM:        7 PC: 0x000e
INUM:        8 PC: 0x0010
INUM:        9 PC: 0x0012
INUM:       10 PC: 0x0014
INUM:       11 PC: 0x0016 REG: 0 VALUE: 0x7fff
INUM:       12 PC: 0x0018
INUM:       13 PC: 0x001a
INUM:       14 PC: 0x001c
INUM:       15 PC: 0x001e
INUM:       16 PC: 0x0020
INUM:       17 PC: 0x0022
INUM:       18 PC: 0x0024 REG: 1 VALUE: 0x0000
INUM:       19 PC: 0x0026 REG: 1 VALUE: 0x0000
INUM:       20 PC: 0x0028 REG: 1 VALUE: 0x0000
INUM:       21 PC: 0x002a REG: 1 VALUE: 0x0000
INUM:       22 PC: 0x002c REG: 1 VALUE: 0x0001
INUM:       23 PC: 0x002e
INUM:       24 PC: 0x0030
INUM:       25 PC: 0x0032
INUM:       26 PC: 0x0034
INUM:       27 PC: 0x0036
INUM:       28 PC: 0x0038 REG: 4 VALUE: 0x0001
INUM:       29 PC: 0x003a REG: 5 VALUE: 0x7fff
INUM:       30 PC: 0x003c REG: 6 VALUE: 0x0001
INUM:       31 PC: 0x003e
INUM:       32 PC: 0x0040 REG: 4 VALUE: 0x0000
INUM:       33 PC: 0x0042 REG: 5 VALUE: 0xfffe
INUM:       34 PC: 0x0044
INUM:       35 PC: 0x0046 REG: 1 VALUE: 0x8000
INUM:       36 PC: 0x0048
INUM:       37 PC: 0x004a
INUM:       38 PC: 0x004c
INUM:       39 PC: 0x004e
INUM:       40 PC: 0x0050
INUM:       41 PC: 0x0052
INUM:       42 PC: 0x0054
INUM:       43 PC: 0x0056
INUM:       44 PC: 0x0058
INUM:       45 PC: 0x005a
INUM:       46 PC: 0x005c REG: 5 VALUE: 0x0002
INUM:       47 PC: 0x005e
INUM:       48 PC: 0x0060 REG: 6 VALUE: 0x8000
INUM:       49 PC: 0x0062
INUM:       50 PC: 0x0064
INUM:       51 PC: 0x0066 REG: 0 VALUE: 0xffff
INUM:       52 PC: 0x0068 REG: 1 VALUE: 0x0000
INUM:       53 PC: 0x006a
INUM:       54 PC: 0x006c
INUM:       55 PC: 0x006e
INUM:       56 PC: 0x0070
INUM:       57 PC: 0x0072 REG: 5 VALUE: 0x0006
INUM:       58 PC: 0x0074
INUM:       59 PC: 0x0076 REG: 6 VALUE: 0xffff
INUM:       60 PC: 0x0078
INUM:       61 PC: 0x007a
INUM:       62 PC: 0x007c
INUM:       63 PC: 0x007e
INUM:       64 PC: 0x0080
INUM:       65 PC: 0x0082
