SIMLOG:: Cycle           4 PC: 00000000 I: 0000c010 R: 0   4 00000000 M: 0 0 00000000 00000000
SIMLOG:: Cycle           5 PC: 00000002 I: 0000c101 R: 0   0 00000000 M: 0 0 00000000 00000000
SIMLOG:: Cycle           6 PC: 00000004 I: 0000c202 R: 0   0 00000000 M: 0 0 00000000 00000000
SIMLOG:: Cycle           7 PC: 00000006 I: 0000c304 R: 0   1 00000000 M: 0 0 00000000 00000000
SIMLOG:: Cycle           8 PC: 00000008 I: 0000c408 R: 0   2 00000000 M: 0 0 00000000 00000000
SIMLOG:: Cycle           9 PC: 0000000a I: 0000c510 R: 0   4 00000000 M: 0 0 00000000 00000000
SIMLOG:: Cycle          10 PC: 0000000c I: 0000d104 R: 0   1 00000000 M: 0 0 00000000 00000000
SIMLOG:: Cycle          11 PC: 0000000e I: 0000d208 R: 0   2 00000000 M: 0 0 00000000 00000000
SIMLOG:: Cycle          12 PC: 00000010 I: 0000d30c R: 0   3 00000000 M: 0 0 00000000 00000000
SIMLOG:: Cycle          13 PC: 00000012 I: 0000d410 R: 0   4 00000000 M: 0 0 00000000 00000000
SIMLOG:: Cycle          14 PC: 00000014 I: 0000d514 R: 0   5 00000000 M: 0 0 00000000 00000000
SIMLOG:: Cycle          15 PC: 00000016 I: 0000401f R: 1   0 00007fff M: 0 0 00000000 00000000
SIMLOG:: Cycle          16 PC: 00000018 I: 000068f2 R: 0   4 00000000 M: 0 0 00000000 00000000
SIMLOG:: Cycle          17 PC: 0000001a I: 0000a128 R: 0   2 00000000 M: 0 0 00000000 00000000
SIMLOG:: Cycle          18 PC: 0000001c I: 0000a248 R: 0   2 00000000 M: 0 0 00000000 00000000
SIMLOG:: Cycle          19 PC: 0000001e I: 0000a368 R: 0   2 00000000 M: 0 0 00000000 00000000
SIMLOG:: Cycle          20 PC: 00000020 I: 0000a488 R: 0   2 00000000 M: 0 0 00000000 00000000
SIMLOG:: Cycle          21 PC: 00000022 I: 0000a5a8 R: 0   2 00000000 M: 0 0 00000000 00000000
SIMLOG:: Cycle          22 PC: 00000024 I: 0000d944 R: 1   1 00000000 M: 0 0 00000000 00000000
SIMLOG:: Cycle          23 PC: 00000026 I: 0000d964 R: 1   1 00000000 M: 0 0 00000000 00000000
SIMLOG:: Cycle          24 PC: 00000028 I: 0000d984 R: 1   1 00000000 M: 0 0 00000000 00000000
SIMLOG:: Cycle          25 PC: 0000002a I: 0000d9a4 R: 1   1 00000000 M: 0 0 00000000 00000000
SIMLOG:: Cycle          26 PC: 0000002c I: 00004121 R: 1   1 00000001 M: 0 0 00000000 00000000
SIMLOG:: Cycle          27 PC: 0000002e I: 0000a12b R: 0   2 00000000 M: 0 0 00000000 00000000
SIMLOG:: Cycle          28 PC: 00000030 I: 0000c000 R: 0   0 00000000 M: 0 0 00000000 00000000
SIMLOG:: Cycle          29 PC: 00000032 I: 00009094 R: 0   5 00000000 M: 0 0 00000000 00000000
SIMLOG:: Cycle          30 PC: 00000034 I: 00008020 R: 0   0 00000000 M: 0 0 00000000 00000000
SIMLOG:: Cycle          31 PC: 00000036 I: 0000c106 R: 0   1 00000000 M: 0 0 00000000 00000000
SIMLOG:: Cycle          32 PC: 00000038 I: 00004180 R: 1   4 00000001 M: 0 0 00000000 00000000
SIMLOG:: Cycle          33 PC: 0000003a I: 000041be R: 1   5 00007fff M: 0 0 00000000 00000000
SIMLOG:: Cycle          34 PC: 0000003c I: 000044c0 R: 1   6 00000001 M: 0 0 00000000 00000000
SIMLOG:: Cycle          35 PC: 0000003e I: 0000650a R: 0   2 00000000 M: 0 0 00000000 00000000
SIMLOG:: Cycle          36 PC: 00000040 I: 0000dcd0 R: 1   4 00000000 M: 0 0 00000000 00000000
SIMLOG:: Cycle          37 PC: 00000042 I: 000045bf R: 1   5 0000fffe M: 0 0 00000000 00000000
SIMLOG:: Cycle          38 PC: 00000044 I: 00006dfa R: 0   6 00000000 M: 0 0 00000000 00000000
SIMLOG:: Cycle          39 PC: 00000046 I: 0000413f R: 1   1 00008000 M: 0 0 00000000 00000000
SIMLOG:: Cycle          40 PC: 00000048 I: 000027f0 R: 0   4 00000000 M: 0 0 00000000 00000000
SIMLOG:: Cycle          41 PC: 0000004a I: 0000c700 R: 0   0 00000000 M: 0 0 00000000 00000000
SIMLOG:: Cycle          42 PC: 0000004c I: 00009794 R: 0   5 00000000 M: 0 0 00000000 00000000
SIMLOG:: Cycle          43 PC: 0000004e I: 00008782 R: 0   0 00000000 M: 0 0 00000000 00000000
SIMLOG:: Cycle          44 PC: 00000050 I: 0000c500 R: 0   0 00000000 M: 0 0 00000000 00000000
SIMLOG:: Cycle          45 PC: 00000052 I: 0000c610 R: 0   4 00000000 M: 0 0 00000000 00000000
SIMLOG:: Cycle          46 PC: 00000054 I: 0000c000 R: 0   0 00000000 M: 0 0 00000000 00000000
SIMLOG:: Cycle          47 PC: 00000056 I: 0000c100 R: 0   0 00000000 M: 0 0 00000000 00000000
SIMLOG:: Cycle          48 PC: 00000058 I: 00008d40 R: 0   0 00000000 M: 0 0 00000000 00000000
SIMLOG:: Cycle          49 PC: 0000005a I: 00008d62 R: 0   0 00000000 M: 0 0 00000000 00000000
SIMLOG:: Cycle          50 PC: 0000005c I: 000045a4 R: 1   5 00000002 M: 0 0 00000000 00000000
SIMLOG:: Cycle          51 PC: 0000005e I: 00003024 R: 0   1 00000000 M: 0 0 00000000 00000000
SIMLOG:: Cycle          52 PC: 00000060 I: 000046df R: 1   6 00008000 M: 0 0 00000000 00000000
SIMLOG:: Cycle          53 PC: 00000062 I: 00006ef4 R: 0   5 00000000 M: 0 0 00000000 00000000
SIMLOG:: Cycle          54 PC: 00000064 I: 0000c6ff R: 0   7 00000000 M: 0 0 00000000 00000000
SIMLOG:: Cycle          55 PC: 00000066 I: 0000d8c2 R: 1   0 0000ffff M: 0 0 00000000 00000000
SIMLOG:: Cycle          56 PC: 00000068 I: 0000d9c6 R: 1   1 00000000 M: 0 0 00000000 00000000
SIMLOG:: Cycle          57 PC: 0000006a I: 0000c500 R: 0   0 00000000 M: 0 0 00000000 00000000
SIMLOG:: Cycle          58 PC: 0000006c I: 0000c610 R: 0   4 00000000 M: 0 0 00000000 00000000
SIMLOG:: Cycle          59 PC: 0000006e I: 00008d40 R: 0   0 00000000 M: 0 0 00000000 00000000
SIMLOG:: Cycle          60 PC: 00000070 I: 00008d62 R: 0   0 00000000 M: 0 0 00000000 00000000
SIMLOG:: Cycle          61 PC: 00000072 I: 000045a4 R: 1   5 00000006 M: 0 0 00000000 00000000
SIMLOG:: Cycle          62 PC: 00000074 I: 0000300e R: 0   3 00000000 M: 0 0 00000000 00000000
SIMLOG:: Cycle          63 PC: 00000076 I: 000046df R: 1   6 0000ffff M: 0 0 00000000 00000000
SIMLOG:: Cycle          64 PC: 00000078 I: 00006ef4 R: 0   5 00000000 M: 0 0 00000000 00000000
SIMLOG:: Cycle          65 PC: 0000007a I: 0000c700 R: 0   0 00000000 M: 0 0 00000000 00000000
SIMLOG:: Cycle          66 PC: 0000007c I: 00009794 R: 0   5 00000000 M: 0 0 00000000 00000000
SIMLOG:: Cycle          67 PC: 0000007e I: 00008704 R: 0   1 00000000 M: 0 0 00000000 00000000
SIMLOG:: Cycle          68 PC: 00000080 I: 00008726 R: 0   1 00000000 M: 0 0 00000000 00000000
SIMLOG:: Cycle          69 PC: 00000082 I: 00000000 R: 0   0 00000000 M: 0 0 00000000 00000000
SIMLOG:: Processor halted

SIMLOG:: sim_cycles          69

SIMLOG:: inst_count          66

